\BOOKMARK [0][-]{section*.1}{\376\377\000C\000o\000n\000t\000e\000n\000t\000s}{}% 1
\BOOKMARK [0][-]{chapter.1}{\376\377\000M\000a\000t\000e\000r\000i\000a\000l\000\040\000a\000n\000d\000\040\000M\000e\000t\000h\000o\000d\000s}{}% 2
\BOOKMARK [1][-]{section.1.1}{\376\377\000T\000o\000x\000i\000c\000i\000t\000y\000\040\000D\000a\000t\000a}{chapter.1}% 3
\BOOKMARK [2][-]{subsection.1.1.1}{\376\377\000T\000o\000x\000C\000a\000s\000t\000\040\000i\000n\000v\000i\000t\000r\000o\000D\000B\000\040\000v\0004\000.\0001}{section.1.1}% 4
\BOOKMARK [2][-]{subsection.1.1.2}{\376\377\000t\000c\000p\000l\000\040\000v\0003\000.\0000}{section.1.1}% 5
\BOOKMARK [2][-]{subsection.1.1.3}{\376\377\000C\000o\000n\000c\000e\000n\000t\000r\000a\000t\000i\000o\000n\000-\000R\000e\000s\000p\000o\000n\000s\000e\000\040\000S\000e\000r\000i\000e\000s}{section.1.1}% 6
\BOOKMARK [2][-]{subsection.1.1.4}{\376\377\000t\000c\000p\000l\000F\000i\000t\0002}{section.1.1}% 7
\BOOKMARK [2][-]{subsection.1.1.5}{\376\377\000C\000u\000r\000v\000e\000\040\000F\000i\000t\000t\000i\000n\000g}{section.1.1}% 8
\BOOKMARK [2][-]{subsection.1.1.6}{\376\377\000H\000i\000t\000\040\000C\000a\000l\000l\000i\000n\000g}{section.1.1}% 9
\BOOKMARK [2][-]{subsection.1.1.7}{\376\377\000F\000l\000a\000g\000g\000i\000n\000g}{section.1.1}% 10
\BOOKMARK [1][-]{section.1.2}{\376\377\000N\000e\000w\000\040\000T\000o\000x\000i\000c\000i\000t\000y\000\040\000P\000i\000p\000e\000l\000i\000n\000e\000\040\000I\000m\000p\000l\000e\000m\000e\000n\000t\000a\000t\000i\000o\000n\000:\000\040\000p\000y\000t\000c\000p\000l}{chapter.1}% 11
\BOOKMARK [2][-]{subsection.1.2.1}{\376\377\000I\000n\000t\000r\000o\000d\000u\000c\000t\000i\000o\000n}{section.1.2}% 12
\BOOKMARK [2][-]{subsection.1.2.2}{\376\377\000S\000u\000b\000s\000e\000t\000\040\000a\000s\000s\000a\000y\000\040\000e\000n\000d\000p\000o\000i\000n\000t\000s}{section.1.2}% 13
\BOOKMARK [2][-]{subsection.1.2.3}{\376\377\000C\000y\000t\000o\000t\000o\000x\000i\000c\000i\000t\000y\000\040\000h\000a\000n\000d\000l\000i\000n\000g}{section.1.2}% 14
\BOOKMARK [2][-]{subsection.1.2.4}{\376\377\000C\000u\000r\000v\000e\000\040\000S\000u\000r\000f\000e\000r}{section.1.2}% 15
\BOOKMARK [1][-]{section.1.3}{\376\377\000M\000a\000c\000h\000i\000n\000e\000\040\000L\000e\000a\000r\000n\000i\000n\000g\000\040\000P\000i\000p\000e\000l\000i\000n\000e}{chapter.1}% 16
\BOOKMARK [2][-]{subsection.1.3.1}{\376\377\000P\000r\000e\000p\000r\000o\000c\000e\000s\000s\000i\000n\000g}{section.1.3}% 17
\BOOKMARK [2][-]{subsection.1.3.2}{\376\377\000B\000i\000n\000a\000r\000y\000\040\000C\000l\000a\000s\000s\000i\000f\000i\000c\000a\000t\000i\000o\000n}{section.1.3}% 18
\BOOKMARK [2][-]{subsection.1.3.3}{\376\377\000R\000e\000g\000r\000e\000s\000s\000i\000o\000n}{section.1.3}% 19
\BOOKMARK [2][-]{subsection.1.3.4}{\376\377\000M\000a\000s\000s\000b\000a\000n\000k\000\040\000V\000a\000l\000i\000d\000a\000t\000i\000o\000n}{section.1.3}% 20
\BOOKMARK [0][-]{section*.13}{\376\377\000B\000i\000b\000l\000i\000o\000g\000r\000a\000p\000h\000y}{}% 21
\BOOKMARK [0][-]{appendix.A}{\376\377\000A\000p\000p\000e\000n\000d\000i\000x}{}% 22
